<?xml version="1.0" encoding="UTF-8"?>
<!-- Generated by org.testng.reporters.JUnitReportReporter -->
<testsuite skipped="0" hostname="Shanoo" name="Academy.validateTitle" tests="1" failures="0" timestamp="2021-02-26T10:36:43 IST" time="0.380" errors="0">
  <testcase name="validateAppTitle" time="0.380" classname="Academy.validateTitle"/>
  <system-out/>
</testsuite> <!-- Academy.validateTitle -->
