<?xml version="1.0" encoding="UTF-8"?>
<!-- Generated by org.testng.reporters.JUnitReportReporter -->
<testsuite skipped="0" hostname="Shanoo" name="Academy.validateNavigationBar" tests="1" failures="0" timestamp="2021-02-26T10:36:43 IST" time="2.119" errors="0">
  <testcase name="validateAppNavBar" time="2.119" classname="Academy.validateNavigationBar"/>
  <system-out/>
</testsuite> <!-- Academy.validateNavigationBar -->
