<?xml version="1.0" encoding="UTF-8"?>
<!-- Generated by org.testng.reporters.JUnitReportReporter -->
<testsuite skipped="0" hostname="Shanoo" name="Academy.HomePage" tests="2" failures="0" timestamp="2021-02-26T10:36:43 IST" time="46.269" errors="0">
  <testcase name="basePageNavigation" time="38.288" classname="Academy.HomePage"/>
  <system-out/>
  <testcase name="basePageNavigation" time="7.981" classname="Academy.HomePage"/>
  <system-out/>
</testsuite> <!-- Academy.HomePage -->
