<?xml version="1.0" encoding="UTF-8"?>
<!-- Generated by org.testng.reporters.JUnitReportReporter -->
<testsuite skipped="0" hostname="Shanoo" name="Academy.AppTest" tests="1" failures="0" timestamp="2021-02-26T10:36:43 IST" time="0.064" errors="0">
  <testcase name="testApp" time="0.064" classname="Academy.AppTest"/>
  <system-out/>
</testsuite> <!-- Academy.AppTest -->
